<?xml version="1.0" encoding="UTF-8"?>
<testng-results ignored="0" total="1" passed="1" failed="0" skipped="0">
  <reporter-output>
  </reporter-output>
  <suite started-at="2019-10-03T15:00:46Z" name="Suite" finished-at="2019-10-03T15:01:38Z" duration-ms="52368">
    <groups>
    </groups>
    <test started-at="2019-10-03T15:00:46Z" name="Test" finished-at="2019-10-03T15:01:38Z" duration-ms="52368">
      <class name="com.atmecs.atmecstask.testscript.Homepage">
        <test-method is-config="true" signature="invokeBrowser()[pri:0, instance:com.atmecs.atmecstask.testscript.Homepage@1f1c7bf6]" started-at="2019-10-03T15:00:46Z" name="invokeBrowser" finished-at="2019-10-03T15:00:59Z" duration-ms="13251" status="PASS">
          <reporter-output>
          </reporter-output>
        </test-method> <!-- invokeBrowser -->
        <test-method signature="home()[pri:0, instance:com.atmecs.atmecstask.testscript.Homepage@1f1c7bf6]" started-at="2019-10-03T15:00:59Z" name="home" finished-at="2019-10-03T15:01:38Z" duration-ms="39098" status="PASS">
          <reporter-output>
          </reporter-output>
        </test-method> <!-- home -->
      </class> <!-- com.atmecs.atmecstask.testscript.Homepage -->
    </test> <!-- Test -->
  </suite> <!-- Suite -->
  <suite started-at="2019-10-03T15:01:38Z" name="ATMECSWEBPAGES" finished-at="2019-10-03T15:01:38Z" duration-ms="0">
    <groups>
    </groups>
  </suite> <!-- ATMECSWEBPAGES -->
</testng-results>
