<?xml version="1.0" encoding="UTF-8"?>
<testng-results ignored="0" total="1" passed="1" failed="0" skipped="0">
  <reporter-output>
  </reporter-output>
  <suite started-at="2019-10-03T14:56:45Z" name="Suite" finished-at="2019-10-03T14:58:03Z" duration-ms="78813">
    <groups>
    </groups>
    <test started-at="2019-10-03T14:56:45Z" name="Test" finished-at="2019-10-03T14:58:03Z" duration-ms="78813">
      <class name="com.atmecs.atmecstask.testscript.Homepage">
        <test-method is-config="true" signature="invokeBrowser()[pri:0, instance:com.atmecs.atmecstask.testscript.Homepage@7a69b07]" started-at="2019-10-03T14:56:45Z" name="invokeBrowser" finished-at="2019-10-03T14:56:57Z" duration-ms="12508" status="PASS">
          <reporter-output>
          </reporter-output>
        </test-method> <!-- invokeBrowser -->
        <test-method signature="home()[pri:0, instance:com.atmecs.atmecstask.testscript.Homepage@7a69b07]" started-at="2019-10-03T14:56:57Z" name="home" finished-at="2019-10-03T14:58:03Z" duration-ms="66240" status="PASS">
          <reporter-output>
          </reporter-output>
        </test-method> <!-- home -->
      </class> <!-- com.atmecs.atmecstask.testscript.Homepage -->
    </test> <!-- Test -->
  </suite> <!-- Suite -->
  <suite started-at="2019-10-03T14:58:03Z" name="ATMECSWEBPAGES" finished-at="2019-10-03T14:58:03Z" duration-ms="0">
    <groups>
    </groups>
  </suite> <!-- ATMECSWEBPAGES -->
</testng-results>
